?   	postService/cmd/server	[no test files]
?   	postService/docs	[no test files]
?   	postService/internal/bootstrap	[no test files]
?   	postService/internal/cache	[no test files]
?   	postService/internal/config	[no test files]
?   	postService/internal/delivery	[no test files]
?   	postService/internal/events	[no test files]
?   	postService/internal/mappers	[no test files]
?   	postService/internal/messaging	[no test files]
?   	postService/internal/model	[no test files]
?   	postService/internal/pkg/middleware	[no test files]
?   	postService/internal/pkg/storage	[no test files]
?   	postService/internal/repository	[no test files]
?   	postService/internal/routes	[no test files]
=== RUN   TestCategoryService_CreateCategory
--- PASS: TestCategoryService_CreateCategory (0.00s)
=== RUN   TestCategoryService_CreateCategory_Error
--- PASS: TestCategoryService_CreateCategory_Error (0.00s)
=== RUN   TestCategoryService_GetCategories
--- PASS: TestCategoryService_GetCategories (0.00s)
=== RUN   TestCategoryService_DeleteCategory
--- PASS: TestCategoryService_DeleteCategory (0.00s)
=== RUN   TestPostService_CreatePost_Success
[32mINFO[0m PostCreated event published successfully 2025-04-14 16:20:28
--- PASS: TestPostService_CreatePost_Success (0.00s)
=== RUN   TestPostService_GetPosts_FromRepo
[32mINFO[0m Fetched posts from DB and cached 2025-04-14 16:20:28
--- PASS: TestPostService_GetPosts_FromRepo (0.00s)
=== RUN   TestPostService_DeletePost_PermissionDenied
--- PASS: TestPostService_DeletePost_PermissionDenied (0.00s)
=== RUN   TestPostService_DeletePost_Success
[32mINFO[0m PostDeleted event published successfully 2025-04-14 16:20:28
--- PASS: TestPostService_DeletePost_Success (0.00s)
=== RUN   TestCreateComment_Success
--- PASS: TestCreateComment_Success (0.00s)
=== RUN   TestCreateComment_PostNotFound
--- PASS: TestCreateComment_PostNotFound (0.00s)
=== RUN   TestGetCommentByID_Success
--- PASS: TestGetCommentByID_Success (0.00s)
=== RUN   TestGetCommentByID_InvalidID
--- PASS: TestGetCommentByID_InvalidID (0.00s)
=== RUN   TestUpdateComment_Success
--- PASS: TestUpdateComment_Success (0.00s)
=== RUN   TestUpdateComment_CommentNotFound
--- PASS: TestUpdateComment_CommentNotFound (0.00s)
=== RUN   TestDeleteComment_Success
--- PASS: TestDeleteComment_Success (0.00s)
=== RUN   TestDeleteComment_CommentNotFound
--- PASS: TestDeleteComment_CommentNotFound (0.00s)
PASS
ok  	postService/internal/service	(cached)
?   	postService/internal/transfer/request	[no test files]
?   	postService/internal/transfer/response	[no test files]
?   	postService/pkg/logging	[no test files]
